21:10:17 [main] INFO  com.aderenchuk.brest.service.web_app.TourControllerIT - Starting TourControllerIT using Java 15.0.1 on prohor-MS-7850 with PID 23302 (started by prohor in /home/prohor/IdeaProjects/aderenchuk-travel.agency/web-app)
21:10:17 [main] DEBUG com.aderenchuk.brest.service.web_app.TourControllerIT - Running with Spring Boot v2.4.4, Spring v5.3.5
21:10:17 [main] INFO  com.aderenchuk.brest.service.web_app.TourControllerIT - No active profile set, falling back to default profiles: default
21:10:18 [main] INFO  com.aderenchuk.brest.service.web_app.TourControllerIT - Starting TourControllerIT using Java 15.0.1 on prohor-MS-7850 with PID 23302 (started by prohor in /home/prohor/IdeaProjects/aderenchuk-travel.agency/web-app)
21:10:18 [main] DEBUG com.aderenchuk.brest.service.web_app.TourControllerIT - Running with Spring Boot v2.4.4, Spring v5.3.5
21:10:18 [main] INFO  com.aderenchuk.brest.service.web_app.TourControllerIT - No active profile set, falling back to default profiles: default
21:10:18 [main] INFO  com.aderenchuk.brest.service.web_app.TourControllerIT - Starting TourControllerIT using Java 15.0.1 on prohor-MS-7850 with PID 23302 (started by prohor in /home/prohor/IdeaProjects/aderenchuk-travel.agency/web-app)
21:10:18 [main] DEBUG com.aderenchuk.brest.service.web_app.TourControllerIT - Running with Spring Boot v2.4.4, Spring v5.3.5
21:10:18 [main] INFO  com.aderenchuk.brest.service.web_app.TourControllerIT - No active profile set, falling back to default profiles: default
21:10:19 [main] INFO  com.aderenchuk.brest.service.web_app.TourControllerIT - Starting TourControllerIT using Java 15.0.1 on prohor-MS-7850 with PID 23302 (started by prohor in /home/prohor/IdeaProjects/aderenchuk-travel.agency/web-app)
21:10:19 [main] DEBUG com.aderenchuk.brest.service.web_app.TourControllerIT - Running with Spring Boot v2.4.4, Spring v5.3.5
21:10:19 [main] INFO  com.aderenchuk.brest.service.web_app.TourControllerIT - No active profile set, falling back to default profiles: default
21:10:19 [main] INFO  com.aderenchuk.brest.service.web_app.TourControllerIT - Starting TourControllerIT using Java 15.0.1 on prohor-MS-7850 with PID 23302 (started by prohor in /home/prohor/IdeaProjects/aderenchuk-travel.agency/web-app)
21:10:19 [main] DEBUG com.aderenchuk.brest.service.web_app.TourControllerIT - Running with Spring Boot v2.4.4, Spring v5.3.5
21:10:19 [main] INFO  com.aderenchuk.brest.service.web_app.TourControllerIT - No active profile set, falling back to default profiles: default
21:10:19 [main] INFO  com.aderenchuk.brest.service.web_app.TourControllerIT - Starting TourControllerIT using Java 15.0.1 on prohor-MS-7850 with PID 23302 (started by prohor in /home/prohor/IdeaProjects/aderenchuk-travel.agency/web-app)
21:10:19 [main] DEBUG com.aderenchuk.brest.service.web_app.TourControllerIT - Running with Spring Boot v2.4.4, Spring v5.3.5
21:10:19 [main] INFO  com.aderenchuk.brest.service.web_app.TourControllerIT - No active profile set, falling back to default profiles: default
21:10:19 [main] INFO  com.aderenchuk.brest.service.web_app.TourControllerIT - Starting TourControllerIT using Java 15.0.1 on prohor-MS-7850 with PID 23302 (started by prohor in /home/prohor/IdeaProjects/aderenchuk-travel.agency/web-app)
21:10:19 [main] DEBUG com.aderenchuk.brest.service.web_app.TourControllerIT - Running with Spring Boot v2.4.4, Spring v5.3.5
21:10:19 [main] INFO  com.aderenchuk.brest.service.web_app.TourControllerIT - No active profile set, falling back to default profiles: default
21:10:19 [main] INFO  com.aderenchuk.brest.service.web_app.TourControllerIT - Starting TourControllerIT using Java 15.0.1 on prohor-MS-7850 with PID 23302 (started by prohor in /home/prohor/IdeaProjects/aderenchuk-travel.agency/web-app)
21:10:19 [main] DEBUG com.aderenchuk.brest.service.web_app.TourControllerIT - Running with Spring Boot v2.4.4, Spring v5.3.5
21:10:19 [main] INFO  com.aderenchuk.brest.service.web_app.TourControllerIT - No active profile set, falling back to default profiles: default
21:10:20 [main] INFO  com.aderenchuk.brest.service.web_app.TourControllerIT - Starting TourControllerIT using Java 15.0.1 on prohor-MS-7850 with PID 23302 (started by prohor in /home/prohor/IdeaProjects/aderenchuk-travel.agency/web-app)
21:10:20 [main] DEBUG com.aderenchuk.brest.service.web_app.TourControllerIT - Running with Spring Boot v2.4.4, Spring v5.3.5
21:10:20 [main] INFO  com.aderenchuk.brest.service.web_app.TourControllerIT - No active profile set, falling back to default profiles: default
21:10:20 [main] INFO  com.aderenchuk.brest.service.web_app.TourControllerIT - Starting TourControllerIT using Java 15.0.1 on prohor-MS-7850 with PID 23302 (started by prohor in /home/prohor/IdeaProjects/aderenchuk-travel.agency/web-app)
21:10:20 [main] DEBUG com.aderenchuk.brest.service.web_app.TourControllerIT - Running with Spring Boot v2.4.4, Spring v5.3.5
21:10:20 [main] INFO  com.aderenchuk.brest.service.web_app.TourControllerIT - No active profile set, falling back to default profiles: default
21:10:20 [main] INFO  com.aderenchuk.brest.service.web_app.TourControllerIT - Starting TourControllerIT using Java 15.0.1 on prohor-MS-7850 with PID 23302 (started by prohor in /home/prohor/IdeaProjects/aderenchuk-travel.agency/web-app)
21:10:20 [main] DEBUG com.aderenchuk.brest.service.web_app.TourControllerIT - Running with Spring Boot v2.4.4, Spring v5.3.5
21:10:20 [main] INFO  com.aderenchuk.brest.service.web_app.TourControllerIT - No active profile set, falling back to default profiles: default
21:10:20 [main] INFO  com.aderenchuk.brest.service.web_app.TourControllerIT - Starting TourControllerIT using Java 15.0.1 on prohor-MS-7850 with PID 23302 (started by prohor in /home/prohor/IdeaProjects/aderenchuk-travel.agency/web-app)
21:10:20 [main] DEBUG com.aderenchuk.brest.service.web_app.TourControllerIT - Running with Spring Boot v2.4.4, Spring v5.3.5
21:10:20 [main] INFO  com.aderenchuk.brest.service.web_app.TourControllerIT - No active profile set, falling back to default profiles: default
21:10:20 [main] INFO  com.aderenchuk.brest.service.web_app.TourControllerIT - Starting TourControllerIT using Java 15.0.1 on prohor-MS-7850 with PID 23302 (started by prohor in /home/prohor/IdeaProjects/aderenchuk-travel.agency/web-app)
21:10:20 [main] DEBUG com.aderenchuk.brest.service.web_app.TourControllerIT - Running with Spring Boot v2.4.4, Spring v5.3.5
21:10:20 [main] INFO  com.aderenchuk.brest.service.web_app.TourControllerIT - No active profile set, falling back to default profiles: default
21:10:20 [main] INFO  com.aderenchuk.brest.service.web_app.TourControllerIT - Starting TourControllerIT using Java 15.0.1 on prohor-MS-7850 with PID 23302 (started by prohor in /home/prohor/IdeaProjects/aderenchuk-travel.agency/web-app)
21:10:20 [main] DEBUG com.aderenchuk.brest.service.web_app.TourControllerIT - Running with Spring Boot v2.4.4, Spring v5.3.5
21:10:20 [main] INFO  com.aderenchuk.brest.service.web_app.TourControllerIT - No active profile set, falling back to default profiles: default
21:49:43 [main] INFO  com.aderenchuk.brest.service.web_app.TourControllerIT - Starting TourControllerIT using Java 11.0.10 on artem-HP-Laptop-15-bs0xx with PID 7254 (started by artem in /home/artem/IdeaProjects/aderenchuk-travel.agency/web-app)
21:49:43 [main] DEBUG com.aderenchuk.brest.service.web_app.TourControllerIT - Running with Spring Boot v2.4.4, Spring v5.3.5
21:49:43 [main] INFO  com.aderenchuk.brest.service.web_app.TourControllerIT - No active profile set, falling back to default profiles: default
21:49:44 [main] INFO  com.aderenchuk.brest.service.web_app.TourControllerIT - Starting TourControllerIT using Java 11.0.10 on artem-HP-Laptop-15-bs0xx with PID 7254 (started by artem in /home/artem/IdeaProjects/aderenchuk-travel.agency/web-app)
21:49:44 [main] DEBUG com.aderenchuk.brest.service.web_app.TourControllerIT - Running with Spring Boot v2.4.4, Spring v5.3.5
21:49:44 [main] INFO  com.aderenchuk.brest.service.web_app.TourControllerIT - No active profile set, falling back to default profiles: default
21:49:44 [main] INFO  com.aderenchuk.brest.service.web_app.TourControllerIT - Starting TourControllerIT using Java 11.0.10 on artem-HP-Laptop-15-bs0xx with PID 7254 (started by artem in /home/artem/IdeaProjects/aderenchuk-travel.agency/web-app)
21:49:44 [main] DEBUG com.aderenchuk.brest.service.web_app.TourControllerIT - Running with Spring Boot v2.4.4, Spring v5.3.5
21:49:44 [main] INFO  com.aderenchuk.brest.service.web_app.TourControllerIT - No active profile set, falling back to default profiles: default
21:49:45 [main] INFO  com.aderenchuk.brest.service.web_app.TourControllerIT - Starting TourControllerIT using Java 11.0.10 on artem-HP-Laptop-15-bs0xx with PID 7254 (started by artem in /home/artem/IdeaProjects/aderenchuk-travel.agency/web-app)
21:49:45 [main] DEBUG com.aderenchuk.brest.service.web_app.TourControllerIT - Running with Spring Boot v2.4.4, Spring v5.3.5
21:49:45 [main] INFO  com.aderenchuk.brest.service.web_app.TourControllerIT - No active profile set, falling back to default profiles: default
21:49:45 [main] INFO  com.aderenchuk.brest.service.web_app.TourControllerIT - Starting TourControllerIT using Java 11.0.10 on artem-HP-Laptop-15-bs0xx with PID 7254 (started by artem in /home/artem/IdeaProjects/aderenchuk-travel.agency/web-app)
21:49:45 [main] DEBUG com.aderenchuk.brest.service.web_app.TourControllerIT - Running with Spring Boot v2.4.4, Spring v5.3.5
21:49:45 [main] INFO  com.aderenchuk.brest.service.web_app.TourControllerIT - No active profile set, falling back to default profiles: default
21:49:46 [main] INFO  com.aderenchuk.brest.service.web_app.TourControllerIT - Starting TourControllerIT using Java 11.0.10 on artem-HP-Laptop-15-bs0xx with PID 7254 (started by artem in /home/artem/IdeaProjects/aderenchuk-travel.agency/web-app)
21:49:46 [main] DEBUG com.aderenchuk.brest.service.web_app.TourControllerIT - Running with Spring Boot v2.4.4, Spring v5.3.5
21:49:46 [main] INFO  com.aderenchuk.brest.service.web_app.TourControllerIT - No active profile set, falling back to default profiles: default
21:49:46 [main] INFO  com.aderenchuk.brest.service.web_app.TourControllerIT - Starting TourControllerIT using Java 11.0.10 on artem-HP-Laptop-15-bs0xx with PID 7254 (started by artem in /home/artem/IdeaProjects/aderenchuk-travel.agency/web-app)
21:49:46 [main] DEBUG com.aderenchuk.brest.service.web_app.TourControllerIT - Running with Spring Boot v2.4.4, Spring v5.3.5
21:49:46 [main] INFO  com.aderenchuk.brest.service.web_app.TourControllerIT - No active profile set, falling back to default profiles: default
21:49:47 [main] INFO  com.aderenchuk.brest.service.web_app.TourControllerIT - Starting TourControllerIT using Java 11.0.10 on artem-HP-Laptop-15-bs0xx with PID 7254 (started by artem in /home/artem/IdeaProjects/aderenchuk-travel.agency/web-app)
21:49:47 [main] DEBUG com.aderenchuk.brest.service.web_app.TourControllerIT - Running with Spring Boot v2.4.4, Spring v5.3.5
21:49:47 [main] INFO  com.aderenchuk.brest.service.web_app.TourControllerIT - No active profile set, falling back to default profiles: default
21:49:47 [main] INFO  com.aderenchuk.brest.service.web_app.TourControllerIT - Starting TourControllerIT using Java 11.0.10 on artem-HP-Laptop-15-bs0xx with PID 7254 (started by artem in /home/artem/IdeaProjects/aderenchuk-travel.agency/web-app)
21:49:47 [main] DEBUG com.aderenchuk.brest.service.web_app.TourControllerIT - Running with Spring Boot v2.4.4, Spring v5.3.5
21:49:47 [main] INFO  com.aderenchuk.brest.service.web_app.TourControllerIT - No active profile set, falling back to default profiles: default
21:49:47 [main] INFO  com.aderenchuk.brest.service.web_app.TourControllerIT - Starting TourControllerIT using Java 11.0.10 on artem-HP-Laptop-15-bs0xx with PID 7254 (started by artem in /home/artem/IdeaProjects/aderenchuk-travel.agency/web-app)
21:49:47 [main] DEBUG com.aderenchuk.brest.service.web_app.TourControllerIT - Running with Spring Boot v2.4.4, Spring v5.3.5
21:49:47 [main] INFO  com.aderenchuk.brest.service.web_app.TourControllerIT - No active profile set, falling back to default profiles: default
21:49:48 [main] INFO  com.aderenchuk.brest.service.web_app.TourControllerIT - Starting TourControllerIT using Java 11.0.10 on artem-HP-Laptop-15-bs0xx with PID 7254 (started by artem in /home/artem/IdeaProjects/aderenchuk-travel.agency/web-app)
21:49:48 [main] DEBUG com.aderenchuk.brest.service.web_app.TourControllerIT - Running with Spring Boot v2.4.4, Spring v5.3.5
21:49:48 [main] INFO  com.aderenchuk.brest.service.web_app.TourControllerIT - No active profile set, falling back to default profiles: default
21:49:48 [main] INFO  com.aderenchuk.brest.service.web_app.TourControllerIT - Starting TourControllerIT using Java 11.0.10 on artem-HP-Laptop-15-bs0xx with PID 7254 (started by artem in /home/artem/IdeaProjects/aderenchuk-travel.agency/web-app)
21:49:48 [main] DEBUG com.aderenchuk.brest.service.web_app.TourControllerIT - Running with Spring Boot v2.4.4, Spring v5.3.5
21:49:48 [main] INFO  com.aderenchuk.brest.service.web_app.TourControllerIT - No active profile set, falling back to default profiles: default
21:49:48 [main] INFO  com.aderenchuk.brest.service.web_app.TourControllerIT - Starting TourControllerIT using Java 11.0.10 on artem-HP-Laptop-15-bs0xx with PID 7254 (started by artem in /home/artem/IdeaProjects/aderenchuk-travel.agency/web-app)
21:49:48 [main] DEBUG com.aderenchuk.brest.service.web_app.TourControllerIT - Running with Spring Boot v2.4.4, Spring v5.3.5
21:49:48 [main] INFO  com.aderenchuk.brest.service.web_app.TourControllerIT - No active profile set, falling back to default profiles: default
21:49:49 [main] INFO  com.aderenchuk.brest.service.web_app.TourControllerIT - Starting TourControllerIT using Java 11.0.10 on artem-HP-Laptop-15-bs0xx with PID 7254 (started by artem in /home/artem/IdeaProjects/aderenchuk-travel.agency/web-app)
21:49:49 [main] DEBUG com.aderenchuk.brest.service.web_app.TourControllerIT - Running with Spring Boot v2.4.4, Spring v5.3.5
21:49:49 [main] INFO  com.aderenchuk.brest.service.web_app.TourControllerIT - No active profile set, falling back to default profiles: default
10:39:44 [main] INFO  com.aderenchuk.brest.service.web_app.TourControllerIT - Starting TourControllerIT using Java 11.0.10 on artem-HP-Laptop-15-bs0xx with PID 23099 (started by artem in /home/artem/IdeaProjects/aderenchuk-travel.agency/web-app)
10:39:44 [main] DEBUG com.aderenchuk.brest.service.web_app.TourControllerIT - Running with Spring Boot v2.4.4, Spring v5.3.5
10:39:44 [main] INFO  com.aderenchuk.brest.service.web_app.TourControllerIT - No active profile set, falling back to default profiles: default
10:39:45 [main] INFO  com.aderenchuk.brest.service.web_app.TourControllerIT - Starting TourControllerIT using Java 11.0.10 on artem-HP-Laptop-15-bs0xx with PID 23099 (started by artem in /home/artem/IdeaProjects/aderenchuk-travel.agency/web-app)
10:39:45 [main] DEBUG com.aderenchuk.brest.service.web_app.TourControllerIT - Running with Spring Boot v2.4.4, Spring v5.3.5
10:39:45 [main] INFO  com.aderenchuk.brest.service.web_app.TourControllerIT - No active profile set, falling back to default profiles: default
10:39:46 [main] INFO  com.aderenchuk.brest.service.web_app.TourControllerIT - Starting TourControllerIT using Java 11.0.10 on artem-HP-Laptop-15-bs0xx with PID 23099 (started by artem in /home/artem/IdeaProjects/aderenchuk-travel.agency/web-app)
10:39:46 [main] DEBUG com.aderenchuk.brest.service.web_app.TourControllerIT - Running with Spring Boot v2.4.4, Spring v5.3.5
10:39:46 [main] INFO  com.aderenchuk.brest.service.web_app.TourControllerIT - No active profile set, falling back to default profiles: default
10:39:46 [main] INFO  com.aderenchuk.brest.service.web_app.TourControllerIT - Starting TourControllerIT using Java 11.0.10 on artem-HP-Laptop-15-bs0xx with PID 23099 (started by artem in /home/artem/IdeaProjects/aderenchuk-travel.agency/web-app)
10:39:46 [main] DEBUG com.aderenchuk.brest.service.web_app.TourControllerIT - Running with Spring Boot v2.4.4, Spring v5.3.5
10:39:46 [main] INFO  com.aderenchuk.brest.service.web_app.TourControllerIT - No active profile set, falling back to default profiles: default
10:39:46 [main] INFO  com.aderenchuk.brest.service.web_app.TourControllerIT - Starting TourControllerIT using Java 11.0.10 on artem-HP-Laptop-15-bs0xx with PID 23099 (started by artem in /home/artem/IdeaProjects/aderenchuk-travel.agency/web-app)
10:39:46 [main] DEBUG com.aderenchuk.brest.service.web_app.TourControllerIT - Running with Spring Boot v2.4.4, Spring v5.3.5
10:39:46 [main] INFO  com.aderenchuk.brest.service.web_app.TourControllerIT - No active profile set, falling back to default profiles: default
10:39:47 [main] INFO  com.aderenchuk.brest.service.web_app.TourControllerIT - Starting TourControllerIT using Java 11.0.10 on artem-HP-Laptop-15-bs0xx with PID 23099 (started by artem in /home/artem/IdeaProjects/aderenchuk-travel.agency/web-app)
10:39:47 [main] DEBUG com.aderenchuk.brest.service.web_app.TourControllerIT - Running with Spring Boot v2.4.4, Spring v5.3.5
10:39:47 [main] INFO  com.aderenchuk.brest.service.web_app.TourControllerIT - No active profile set, falling back to default profiles: default
10:39:47 [main] INFO  com.aderenchuk.brest.service.web_app.TourControllerIT - Starting TourControllerIT using Java 11.0.10 on artem-HP-Laptop-15-bs0xx with PID 23099 (started by artem in /home/artem/IdeaProjects/aderenchuk-travel.agency/web-app)
10:39:47 [main] DEBUG com.aderenchuk.brest.service.web_app.TourControllerIT - Running with Spring Boot v2.4.4, Spring v5.3.5
10:39:47 [main] INFO  com.aderenchuk.brest.service.web_app.TourControllerIT - No active profile set, falling back to default profiles: default
10:39:48 [main] INFO  com.aderenchuk.brest.service.web_app.TourControllerIT - Starting TourControllerIT using Java 11.0.10 on artem-HP-Laptop-15-bs0xx with PID 23099 (started by artem in /home/artem/IdeaProjects/aderenchuk-travel.agency/web-app)
10:39:48 [main] DEBUG com.aderenchuk.brest.service.web_app.TourControllerIT - Running with Spring Boot v2.4.4, Spring v5.3.5
10:39:48 [main] INFO  com.aderenchuk.brest.service.web_app.TourControllerIT - No active profile set, falling back to default profiles: default
10:39:48 [main] INFO  com.aderenchuk.brest.service.web_app.TourControllerIT - Starting TourControllerIT using Java 11.0.10 on artem-HP-Laptop-15-bs0xx with PID 23099 (started by artem in /home/artem/IdeaProjects/aderenchuk-travel.agency/web-app)
10:39:48 [main] DEBUG com.aderenchuk.brest.service.web_app.TourControllerIT - Running with Spring Boot v2.4.4, Spring v5.3.5
10:39:48 [main] INFO  com.aderenchuk.brest.service.web_app.TourControllerIT - No active profile set, falling back to default profiles: default
10:39:48 [main] INFO  com.aderenchuk.brest.service.web_app.TourControllerIT - Starting TourControllerIT using Java 11.0.10 on artem-HP-Laptop-15-bs0xx with PID 23099 (started by artem in /home/artem/IdeaProjects/aderenchuk-travel.agency/web-app)
10:39:48 [main] DEBUG com.aderenchuk.brest.service.web_app.TourControllerIT - Running with Spring Boot v2.4.4, Spring v5.3.5
10:39:48 [main] INFO  com.aderenchuk.brest.service.web_app.TourControllerIT - No active profile set, falling back to default profiles: default
10:39:48 [main] INFO  com.aderenchuk.brest.service.web_app.TourControllerIT - Starting TourControllerIT using Java 11.0.10 on artem-HP-Laptop-15-bs0xx with PID 23099 (started by artem in /home/artem/IdeaProjects/aderenchuk-travel.agency/web-app)
10:39:48 [main] DEBUG com.aderenchuk.brest.service.web_app.TourControllerIT - Running with Spring Boot v2.4.4, Spring v5.3.5
10:39:48 [main] INFO  com.aderenchuk.brest.service.web_app.TourControllerIT - No active profile set, falling back to default profiles: default
10:39:49 [main] INFO  com.aderenchuk.brest.service.web_app.TourControllerIT - Starting TourControllerIT using Java 11.0.10 on artem-HP-Laptop-15-bs0xx with PID 23099 (started by artem in /home/artem/IdeaProjects/aderenchuk-travel.agency/web-app)
10:39:49 [main] DEBUG com.aderenchuk.brest.service.web_app.TourControllerIT - Running with Spring Boot v2.4.4, Spring v5.3.5
10:39:49 [main] INFO  com.aderenchuk.brest.service.web_app.TourControllerIT - No active profile set, falling back to default profiles: default
10:39:49 [main] INFO  com.aderenchuk.brest.service.web_app.TourControllerIT - Starting TourControllerIT using Java 11.0.10 on artem-HP-Laptop-15-bs0xx with PID 23099 (started by artem in /home/artem/IdeaProjects/aderenchuk-travel.agency/web-app)
10:39:49 [main] DEBUG com.aderenchuk.brest.service.web_app.TourControllerIT - Running with Spring Boot v2.4.4, Spring v5.3.5
10:39:49 [main] INFO  com.aderenchuk.brest.service.web_app.TourControllerIT - No active profile set, falling back to default profiles: default
10:39:49 [main] INFO  com.aderenchuk.brest.service.web_app.TourControllerIT - Starting TourControllerIT using Java 11.0.10 on artem-HP-Laptop-15-bs0xx with PID 23099 (started by artem in /home/artem/IdeaProjects/aderenchuk-travel.agency/web-app)
10:39:49 [main] DEBUG com.aderenchuk.brest.service.web_app.TourControllerIT - Running with Spring Boot v2.4.4, Spring v5.3.5
10:39:49 [main] INFO  com.aderenchuk.brest.service.web_app.TourControllerIT - No active profile set, falling back to default profiles: default
10:40:55 [main] INFO  com.aderenchuk.brest.service.web_app.TourControllerIT - Starting TourControllerIT using Java 11.0.10 on artem-HP-Laptop-15-bs0xx with PID 23316 (started by artem in /home/artem/IdeaProjects/aderenchuk-travel.agency/web-app)
10:40:55 [main] DEBUG com.aderenchuk.brest.service.web_app.TourControllerIT - Running with Spring Boot v2.4.4, Spring v5.3.5
10:40:55 [main] INFO  com.aderenchuk.brest.service.web_app.TourControllerIT - No active profile set, falling back to default profiles: default
10:40:56 [main] INFO  com.aderenchuk.brest.service.web_app.TourControllerIT - Starting TourControllerIT using Java 11.0.10 on artem-HP-Laptop-15-bs0xx with PID 23316 (started by artem in /home/artem/IdeaProjects/aderenchuk-travel.agency/web-app)
10:40:56 [main] DEBUG com.aderenchuk.brest.service.web_app.TourControllerIT - Running with Spring Boot v2.4.4, Spring v5.3.5
10:40:56 [main] INFO  com.aderenchuk.brest.service.web_app.TourControllerIT - No active profile set, falling back to default profiles: default
10:40:57 [main] INFO  com.aderenchuk.brest.service.web_app.TourControllerIT - Starting TourControllerIT using Java 11.0.10 on artem-HP-Laptop-15-bs0xx with PID 23316 (started by artem in /home/artem/IdeaProjects/aderenchuk-travel.agency/web-app)
10:40:57 [main] DEBUG com.aderenchuk.brest.service.web_app.TourControllerIT - Running with Spring Boot v2.4.4, Spring v5.3.5
10:40:57 [main] INFO  com.aderenchuk.brest.service.web_app.TourControllerIT - No active profile set, falling back to default profiles: default
10:40:57 [main] INFO  com.aderenchuk.brest.service.web_app.TourControllerIT - Starting TourControllerIT using Java 11.0.10 on artem-HP-Laptop-15-bs0xx with PID 23316 (started by artem in /home/artem/IdeaProjects/aderenchuk-travel.agency/web-app)
10:40:57 [main] DEBUG com.aderenchuk.brest.service.web_app.TourControllerIT - Running with Spring Boot v2.4.4, Spring v5.3.5
10:40:57 [main] INFO  com.aderenchuk.brest.service.web_app.TourControllerIT - No active profile set, falling back to default profiles: default
10:40:58 [main] INFO  com.aderenchuk.brest.service.web_app.TourControllerIT - Starting TourControllerIT using Java 11.0.10 on artem-HP-Laptop-15-bs0xx with PID 23316 (started by artem in /home/artem/IdeaProjects/aderenchuk-travel.agency/web-app)
10:40:58 [main] DEBUG com.aderenchuk.brest.service.web_app.TourControllerIT - Running with Spring Boot v2.4.4, Spring v5.3.5
10:40:58 [main] INFO  com.aderenchuk.brest.service.web_app.TourControllerIT - No active profile set, falling back to default profiles: default
10:40:58 [main] INFO  com.aderenchuk.brest.service.web_app.TourControllerIT - Starting TourControllerIT using Java 11.0.10 on artem-HP-Laptop-15-bs0xx with PID 23316 (started by artem in /home/artem/IdeaProjects/aderenchuk-travel.agency/web-app)
10:40:58 [main] DEBUG com.aderenchuk.brest.service.web_app.TourControllerIT - Running with Spring Boot v2.4.4, Spring v5.3.5
10:40:58 [main] INFO  com.aderenchuk.brest.service.web_app.TourControllerIT - No active profile set, falling back to default profiles: default
10:40:58 [main] INFO  com.aderenchuk.brest.service.web_app.TourControllerIT - Starting TourControllerIT using Java 11.0.10 on artem-HP-Laptop-15-bs0xx with PID 23316 (started by artem in /home/artem/IdeaProjects/aderenchuk-travel.agency/web-app)
10:40:58 [main] DEBUG com.aderenchuk.brest.service.web_app.TourControllerIT - Running with Spring Boot v2.4.4, Spring v5.3.5
10:40:58 [main] INFO  com.aderenchuk.brest.service.web_app.TourControllerIT - No active profile set, falling back to default profiles: default
10:40:58 [main] INFO  com.aderenchuk.brest.service.web_app.TourControllerIT - Starting TourControllerIT using Java 11.0.10 on artem-HP-Laptop-15-bs0xx with PID 23316 (started by artem in /home/artem/IdeaProjects/aderenchuk-travel.agency/web-app)
10:40:58 [main] DEBUG com.aderenchuk.brest.service.web_app.TourControllerIT - Running with Spring Boot v2.4.4, Spring v5.3.5
10:40:58 [main] INFO  com.aderenchuk.brest.service.web_app.TourControllerIT - No active profile set, falling back to default profiles: default
10:40:58 [main] INFO  com.aderenchuk.brest.service.web_app.TourControllerIT - Starting TourControllerIT using Java 11.0.10 on artem-HP-Laptop-15-bs0xx with PID 23316 (started by artem in /home/artem/IdeaProjects/aderenchuk-travel.agency/web-app)
10:40:58 [main] DEBUG com.aderenchuk.brest.service.web_app.TourControllerIT - Running with Spring Boot v2.4.4, Spring v5.3.5
10:40:58 [main] INFO  com.aderenchuk.brest.service.web_app.TourControllerIT - No active profile set, falling back to default profiles: default
10:40:59 [main] INFO  com.aderenchuk.brest.service.web_app.TourControllerIT - Starting TourControllerIT using Java 11.0.10 on artem-HP-Laptop-15-bs0xx with PID 23316 (started by artem in /home/artem/IdeaProjects/aderenchuk-travel.agency/web-app)
10:40:59 [main] DEBUG com.aderenchuk.brest.service.web_app.TourControllerIT - Running with Spring Boot v2.4.4, Spring v5.3.5
10:40:59 [main] INFO  com.aderenchuk.brest.service.web_app.TourControllerIT - No active profile set, falling back to default profiles: default
10:40:59 [main] INFO  com.aderenchuk.brest.service.web_app.TourControllerIT - Starting TourControllerIT using Java 11.0.10 on artem-HP-Laptop-15-bs0xx with PID 23316 (started by artem in /home/artem/IdeaProjects/aderenchuk-travel.agency/web-app)
10:40:59 [main] DEBUG com.aderenchuk.brest.service.web_app.TourControllerIT - Running with Spring Boot v2.4.4, Spring v5.3.5
10:40:59 [main] INFO  com.aderenchuk.brest.service.web_app.TourControllerIT - No active profile set, falling back to default profiles: default
10:40:59 [main] INFO  com.aderenchuk.brest.service.web_app.TourControllerIT - Starting TourControllerIT using Java 11.0.10 on artem-HP-Laptop-15-bs0xx with PID 23316 (started by artem in /home/artem/IdeaProjects/aderenchuk-travel.agency/web-app)
10:40:59 [main] DEBUG com.aderenchuk.brest.service.web_app.TourControllerIT - Running with Spring Boot v2.4.4, Spring v5.3.5
10:40:59 [main] INFO  com.aderenchuk.brest.service.web_app.TourControllerIT - No active profile set, falling back to default profiles: default
10:40:59 [main] INFO  com.aderenchuk.brest.service.web_app.TourControllerIT - Starting TourControllerIT using Java 11.0.10 on artem-HP-Laptop-15-bs0xx with PID 23316 (started by artem in /home/artem/IdeaProjects/aderenchuk-travel.agency/web-app)
10:40:59 [main] DEBUG com.aderenchuk.brest.service.web_app.TourControllerIT - Running with Spring Boot v2.4.4, Spring v5.3.5
10:40:59 [main] INFO  com.aderenchuk.brest.service.web_app.TourControllerIT - No active profile set, falling back to default profiles: default
10:41:00 [main] INFO  com.aderenchuk.brest.service.web_app.TourControllerIT - Starting TourControllerIT using Java 11.0.10 on artem-HP-Laptop-15-bs0xx with PID 23316 (started by artem in /home/artem/IdeaProjects/aderenchuk-travel.agency/web-app)
10:41:00 [main] DEBUG com.aderenchuk.brest.service.web_app.TourControllerIT - Running with Spring Boot v2.4.4, Spring v5.3.5
10:41:00 [main] INFO  com.aderenchuk.brest.service.web_app.TourControllerIT - No active profile set, falling back to default profiles: default
11:04:16 [main] INFO  com.aderenchuk.brest.service.web_app.TourControllerIT - Starting TourControllerIT using Java 11.0.10 on artem-HP-Laptop-15-bs0xx with PID 23975 (started by artem in /home/artem/IdeaProjects/aderenchuk-travel.agency/web-app)
11:04:16 [main] DEBUG com.aderenchuk.brest.service.web_app.TourControllerIT - Running with Spring Boot v2.4.4, Spring v5.3.5
11:04:16 [main] INFO  com.aderenchuk.brest.service.web_app.TourControllerIT - No active profile set, falling back to default profiles: default
11:04:17 [main] INFO  com.aderenchuk.brest.service.web_app.TourControllerIT - Starting TourControllerIT using Java 11.0.10 on artem-HP-Laptop-15-bs0xx with PID 23975 (started by artem in /home/artem/IdeaProjects/aderenchuk-travel.agency/web-app)
11:04:17 [main] DEBUG com.aderenchuk.brest.service.web_app.TourControllerIT - Running with Spring Boot v2.4.4, Spring v5.3.5
11:04:17 [main] INFO  com.aderenchuk.brest.service.web_app.TourControllerIT - No active profile set, falling back to default profiles: default
11:04:18 [main] INFO  com.aderenchuk.brest.service.web_app.TourControllerIT - Starting TourControllerIT using Java 11.0.10 on artem-HP-Laptop-15-bs0xx with PID 23975 (started by artem in /home/artem/IdeaProjects/aderenchuk-travel.agency/web-app)
11:04:18 [main] DEBUG com.aderenchuk.brest.service.web_app.TourControllerIT - Running with Spring Boot v2.4.4, Spring v5.3.5
11:04:18 [main] INFO  com.aderenchuk.brest.service.web_app.TourControllerIT - No active profile set, falling back to default profiles: default
11:04:18 [main] INFO  com.aderenchuk.brest.service.web_app.TourControllerIT - Starting TourControllerIT using Java 11.0.10 on artem-HP-Laptop-15-bs0xx with PID 23975 (started by artem in /home/artem/IdeaProjects/aderenchuk-travel.agency/web-app)
11:04:18 [main] DEBUG com.aderenchuk.brest.service.web_app.TourControllerIT - Running with Spring Boot v2.4.4, Spring v5.3.5
11:04:18 [main] INFO  com.aderenchuk.brest.service.web_app.TourControllerIT - No active profile set, falling back to default profiles: default
11:04:18 [main] INFO  com.aderenchuk.brest.service.web_app.TourControllerIT - Starting TourControllerIT using Java 11.0.10 on artem-HP-Laptop-15-bs0xx with PID 23975 (started by artem in /home/artem/IdeaProjects/aderenchuk-travel.agency/web-app)
11:04:18 [main] DEBUG com.aderenchuk.brest.service.web_app.TourControllerIT - Running with Spring Boot v2.4.4, Spring v5.3.5
11:04:18 [main] INFO  com.aderenchuk.brest.service.web_app.TourControllerIT - No active profile set, falling back to default profiles: default
11:04:19 [main] INFO  com.aderenchuk.brest.service.web_app.TourControllerIT - Starting TourControllerIT using Java 11.0.10 on artem-HP-Laptop-15-bs0xx with PID 23975 (started by artem in /home/artem/IdeaProjects/aderenchuk-travel.agency/web-app)
11:04:19 [main] DEBUG com.aderenchuk.brest.service.web_app.TourControllerIT - Running with Spring Boot v2.4.4, Spring v5.3.5
11:04:19 [main] INFO  com.aderenchuk.brest.service.web_app.TourControllerIT - No active profile set, falling back to default profiles: default
11:04:19 [main] INFO  com.aderenchuk.brest.service.web_app.TourControllerIT - Starting TourControllerIT using Java 11.0.10 on artem-HP-Laptop-15-bs0xx with PID 23975 (started by artem in /home/artem/IdeaProjects/aderenchuk-travel.agency/web-app)
11:04:19 [main] DEBUG com.aderenchuk.brest.service.web_app.TourControllerIT - Running with Spring Boot v2.4.4, Spring v5.3.5
11:04:19 [main] INFO  com.aderenchuk.brest.service.web_app.TourControllerIT - No active profile set, falling back to default profiles: default
11:04:19 [main] INFO  com.aderenchuk.brest.service.web_app.TourControllerIT - Starting TourControllerIT using Java 11.0.10 on artem-HP-Laptop-15-bs0xx with PID 23975 (started by artem in /home/artem/IdeaProjects/aderenchuk-travel.agency/web-app)
11:04:19 [main] DEBUG com.aderenchuk.brest.service.web_app.TourControllerIT - Running with Spring Boot v2.4.4, Spring v5.3.5
11:04:19 [main] INFO  com.aderenchuk.brest.service.web_app.TourControllerIT - No active profile set, falling back to default profiles: default
11:04:20 [main] INFO  com.aderenchuk.brest.service.web_app.TourControllerIT - Starting TourControllerIT using Java 11.0.10 on artem-HP-Laptop-15-bs0xx with PID 23975 (started by artem in /home/artem/IdeaProjects/aderenchuk-travel.agency/web-app)
11:04:20 [main] DEBUG com.aderenchuk.brest.service.web_app.TourControllerIT - Running with Spring Boot v2.4.4, Spring v5.3.5
11:04:20 [main] INFO  com.aderenchuk.brest.service.web_app.TourControllerIT - No active profile set, falling back to default profiles: default
11:04:20 [main] INFO  com.aderenchuk.brest.service.web_app.TourControllerIT - Starting TourControllerIT using Java 11.0.10 on artem-HP-Laptop-15-bs0xx with PID 23975 (started by artem in /home/artem/IdeaProjects/aderenchuk-travel.agency/web-app)
11:04:20 [main] DEBUG com.aderenchuk.brest.service.web_app.TourControllerIT - Running with Spring Boot v2.4.4, Spring v5.3.5
11:04:20 [main] INFO  com.aderenchuk.brest.service.web_app.TourControllerIT - No active profile set, falling back to default profiles: default
11:04:20 [main] INFO  com.aderenchuk.brest.service.web_app.TourControllerIT - Starting TourControllerIT using Java 11.0.10 on artem-HP-Laptop-15-bs0xx with PID 23975 (started by artem in /home/artem/IdeaProjects/aderenchuk-travel.agency/web-app)
11:04:20 [main] DEBUG com.aderenchuk.brest.service.web_app.TourControllerIT - Running with Spring Boot v2.4.4, Spring v5.3.5
11:04:20 [main] INFO  com.aderenchuk.brest.service.web_app.TourControllerIT - No active profile set, falling back to default profiles: default
11:04:21 [main] INFO  com.aderenchuk.brest.service.web_app.TourControllerIT - Starting TourControllerIT using Java 11.0.10 on artem-HP-Laptop-15-bs0xx with PID 23975 (started by artem in /home/artem/IdeaProjects/aderenchuk-travel.agency/web-app)
11:04:21 [main] DEBUG com.aderenchuk.brest.service.web_app.TourControllerIT - Running with Spring Boot v2.4.4, Spring v5.3.5
11:04:21 [main] INFO  com.aderenchuk.brest.service.web_app.TourControllerIT - No active profile set, falling back to default profiles: default
11:04:21 [main] INFO  com.aderenchuk.brest.service.web_app.TourControllerIT - Starting TourControllerIT using Java 11.0.10 on artem-HP-Laptop-15-bs0xx with PID 23975 (started by artem in /home/artem/IdeaProjects/aderenchuk-travel.agency/web-app)
11:04:21 [main] DEBUG com.aderenchuk.brest.service.web_app.TourControllerIT - Running with Spring Boot v2.4.4, Spring v5.3.5
11:04:21 [main] INFO  com.aderenchuk.brest.service.web_app.TourControllerIT - No active profile set, falling back to default profiles: default
11:04:21 [main] INFO  com.aderenchuk.brest.service.web_app.TourControllerIT - Starting TourControllerIT using Java 11.0.10 on artem-HP-Laptop-15-bs0xx with PID 23975 (started by artem in /home/artem/IdeaProjects/aderenchuk-travel.agency/web-app)
11:04:21 [main] DEBUG com.aderenchuk.brest.service.web_app.TourControllerIT - Running with Spring Boot v2.4.4, Spring v5.3.5
11:04:21 [main] INFO  com.aderenchuk.brest.service.web_app.TourControllerIT - No active profile set, falling back to default profiles: default
19:57:50 [main] INFO  com.aderenchuk.brest.service.web_app.TourControllerIT - Starting TourControllerIT using Java 11.0.10 on artem-HP-Laptop-15-bs0xx with PID 5506 (started by artem in /home/artem/IdeaProjects/aderenchuk-travel.agency/web-app)
19:57:50 [main] DEBUG com.aderenchuk.brest.service.web_app.TourControllerIT - Running with Spring Boot v2.4.4, Spring v5.3.5
19:57:50 [main] INFO  com.aderenchuk.brest.service.web_app.TourControllerIT - No active profile set, falling back to default profiles: default
19:57:51 [main] INFO  com.aderenchuk.brest.service.web_app.TourControllerIT - Starting TourControllerIT using Java 11.0.10 on artem-HP-Laptop-15-bs0xx with PID 5506 (started by artem in /home/artem/IdeaProjects/aderenchuk-travel.agency/web-app)
19:57:51 [main] DEBUG com.aderenchuk.brest.service.web_app.TourControllerIT - Running with Spring Boot v2.4.4, Spring v5.3.5
19:57:51 [main] INFO  com.aderenchuk.brest.service.web_app.TourControllerIT - No active profile set, falling back to default profiles: default
19:57:51 [main] INFO  com.aderenchuk.brest.service.web_app.TourControllerIT - Starting TourControllerIT using Java 11.0.10 on artem-HP-Laptop-15-bs0xx with PID 5506 (started by artem in /home/artem/IdeaProjects/aderenchuk-travel.agency/web-app)
19:57:51 [main] DEBUG com.aderenchuk.brest.service.web_app.TourControllerIT - Running with Spring Boot v2.4.4, Spring v5.3.5
19:57:52 [main] INFO  com.aderenchuk.brest.service.web_app.TourControllerIT - No active profile set, falling back to default profiles: default
19:57:52 [main] INFO  com.aderenchuk.brest.service.web_app.TourControllerIT - Starting TourControllerIT using Java 11.0.10 on artem-HP-Laptop-15-bs0xx with PID 5506 (started by artem in /home/artem/IdeaProjects/aderenchuk-travel.agency/web-app)
19:57:52 [main] DEBUG com.aderenchuk.brest.service.web_app.TourControllerIT - Running with Spring Boot v2.4.4, Spring v5.3.5
19:57:52 [main] INFO  com.aderenchuk.brest.service.web_app.TourControllerIT - No active profile set, falling back to default profiles: default
19:57:53 [main] INFO  com.aderenchuk.brest.service.web_app.TourControllerIT - Starting TourControllerIT using Java 11.0.10 on artem-HP-Laptop-15-bs0xx with PID 5506 (started by artem in /home/artem/IdeaProjects/aderenchuk-travel.agency/web-app)
19:57:53 [main] DEBUG com.aderenchuk.brest.service.web_app.TourControllerIT - Running with Spring Boot v2.4.4, Spring v5.3.5
19:57:53 [main] INFO  com.aderenchuk.brest.service.web_app.TourControllerIT - No active profile set, falling back to default profiles: default
19:57:53 [main] INFO  com.aderenchuk.brest.service.web_app.TourControllerIT - Starting TourControllerIT using Java 11.0.10 on artem-HP-Laptop-15-bs0xx with PID 5506 (started by artem in /home/artem/IdeaProjects/aderenchuk-travel.agency/web-app)
19:57:53 [main] DEBUG com.aderenchuk.brest.service.web_app.TourControllerIT - Running with Spring Boot v2.4.4, Spring v5.3.5
19:57:53 [main] INFO  com.aderenchuk.brest.service.web_app.TourControllerIT - No active profile set, falling back to default profiles: default
19:57:53 [main] INFO  com.aderenchuk.brest.service.web_app.TourControllerIT - Starting TourControllerIT using Java 11.0.10 on artem-HP-Laptop-15-bs0xx with PID 5506 (started by artem in /home/artem/IdeaProjects/aderenchuk-travel.agency/web-app)
19:57:53 [main] DEBUG com.aderenchuk.brest.service.web_app.TourControllerIT - Running with Spring Boot v2.4.4, Spring v5.3.5
19:57:53 [main] INFO  com.aderenchuk.brest.service.web_app.TourControllerIT - No active profile set, falling back to default profiles: default
19:57:54 [main] INFO  com.aderenchuk.brest.service.web_app.TourControllerIT - Starting TourControllerIT using Java 11.0.10 on artem-HP-Laptop-15-bs0xx with PID 5506 (started by artem in /home/artem/IdeaProjects/aderenchuk-travel.agency/web-app)
19:57:54 [main] DEBUG com.aderenchuk.brest.service.web_app.TourControllerIT - Running with Spring Boot v2.4.4, Spring v5.3.5
19:57:54 [main] INFO  com.aderenchuk.brest.service.web_app.TourControllerIT - No active profile set, falling back to default profiles: default
19:57:54 [main] INFO  com.aderenchuk.brest.service.web_app.TourControllerIT - Starting TourControllerIT using Java 11.0.10 on artem-HP-Laptop-15-bs0xx with PID 5506 (started by artem in /home/artem/IdeaProjects/aderenchuk-travel.agency/web-app)
19:57:54 [main] DEBUG com.aderenchuk.brest.service.web_app.TourControllerIT - Running with Spring Boot v2.4.4, Spring v5.3.5
19:57:54 [main] INFO  com.aderenchuk.brest.service.web_app.TourControllerIT - No active profile set, falling back to default profiles: default
19:57:55 [main] INFO  com.aderenchuk.brest.service.web_app.TourControllerIT - Starting TourControllerIT using Java 11.0.10 on artem-HP-Laptop-15-bs0xx with PID 5506 (started by artem in /home/artem/IdeaProjects/aderenchuk-travel.agency/web-app)
19:57:55 [main] DEBUG com.aderenchuk.brest.service.web_app.TourControllerIT - Running with Spring Boot v2.4.4, Spring v5.3.5
19:57:55 [main] INFO  com.aderenchuk.brest.service.web_app.TourControllerIT - No active profile set, falling back to default profiles: default
19:57:55 [main] INFO  com.aderenchuk.brest.service.web_app.TourControllerIT - Starting TourControllerIT using Java 11.0.10 on artem-HP-Laptop-15-bs0xx with PID 5506 (started by artem in /home/artem/IdeaProjects/aderenchuk-travel.agency/web-app)
19:57:55 [main] DEBUG com.aderenchuk.brest.service.web_app.TourControllerIT - Running with Spring Boot v2.4.4, Spring v5.3.5
19:57:55 [main] INFO  com.aderenchuk.brest.service.web_app.TourControllerIT - No active profile set, falling back to default profiles: default
19:57:55 [main] INFO  com.aderenchuk.brest.service.web_app.TourControllerIT - Starting TourControllerIT using Java 11.0.10 on artem-HP-Laptop-15-bs0xx with PID 5506 (started by artem in /home/artem/IdeaProjects/aderenchuk-travel.agency/web-app)
19:57:55 [main] DEBUG com.aderenchuk.brest.service.web_app.TourControllerIT - Running with Spring Boot v2.4.4, Spring v5.3.5
19:57:55 [main] INFO  com.aderenchuk.brest.service.web_app.TourControllerIT - No active profile set, falling back to default profiles: default
19:57:56 [main] INFO  com.aderenchuk.brest.service.web_app.TourControllerIT - Starting TourControllerIT using Java 11.0.10 on artem-HP-Laptop-15-bs0xx with PID 5506 (started by artem in /home/artem/IdeaProjects/aderenchuk-travel.agency/web-app)
19:57:56 [main] DEBUG com.aderenchuk.brest.service.web_app.TourControllerIT - Running with Spring Boot v2.4.4, Spring v5.3.5
19:57:56 [main] INFO  com.aderenchuk.brest.service.web_app.TourControllerIT - No active profile set, falling back to default profiles: default
19:57:56 [main] INFO  com.aderenchuk.brest.service.web_app.TourControllerIT - Starting TourControllerIT using Java 11.0.10 on artem-HP-Laptop-15-bs0xx with PID 5506 (started by artem in /home/artem/IdeaProjects/aderenchuk-travel.agency/web-app)
19:57:56 [main] DEBUG com.aderenchuk.brest.service.web_app.TourControllerIT - Running with Spring Boot v2.4.4, Spring v5.3.5
19:57:56 [main] INFO  com.aderenchuk.brest.service.web_app.TourControllerIT - No active profile set, falling back to default profiles: default
19:58:17 [main] INFO  com.aderenchuk.brest.service.web_app.TourControllerIT - Starting TourControllerIT using Java 11.0.10 on artem-HP-Laptop-15-bs0xx with PID 5584 (started by artem in /home/artem/IdeaProjects/aderenchuk-travel.agency/web-app)
19:58:17 [main] DEBUG com.aderenchuk.brest.service.web_app.TourControllerIT - Running with Spring Boot v2.4.4, Spring v5.3.5
19:58:17 [main] INFO  com.aderenchuk.brest.service.web_app.TourControllerIT - No active profile set, falling back to default profiles: default
19:58:18 [main] INFO  com.aderenchuk.brest.service.web_app.TourControllerIT - Starting TourControllerIT using Java 11.0.10 on artem-HP-Laptop-15-bs0xx with PID 5584 (started by artem in /home/artem/IdeaProjects/aderenchuk-travel.agency/web-app)
19:58:18 [main] DEBUG com.aderenchuk.brest.service.web_app.TourControllerIT - Running with Spring Boot v2.4.4, Spring v5.3.5
19:58:18 [main] INFO  com.aderenchuk.brest.service.web_app.TourControllerIT - No active profile set, falling back to default profiles: default
19:58:42 [main] INFO  com.aderenchuk.brest.service.web_app.TourControllerIT - Starting TourControllerIT using Java 11.0.10 on artem-HP-Laptop-15-bs0xx with PID 5650 (started by artem in /home/artem/IdeaProjects/aderenchuk-travel.agency/web-app)
19:58:42 [main] DEBUG com.aderenchuk.brest.service.web_app.TourControllerIT - Running with Spring Boot v2.4.4, Spring v5.3.5
19:58:42 [main] INFO  com.aderenchuk.brest.service.web_app.TourControllerIT - No active profile set, falling back to default profiles: default
19:58:43 [main] INFO  com.aderenchuk.brest.service.web_app.TourControllerIT - Starting TourControllerIT using Java 11.0.10 on artem-HP-Laptop-15-bs0xx with PID 5650 (started by artem in /home/artem/IdeaProjects/aderenchuk-travel.agency/web-app)
19:58:43 [main] DEBUG com.aderenchuk.brest.service.web_app.TourControllerIT - Running with Spring Boot v2.4.4, Spring v5.3.5
19:58:43 [main] INFO  com.aderenchuk.brest.service.web_app.TourControllerIT - No active profile set, falling back to default profiles: default
19:58:43 [main] INFO  com.aderenchuk.brest.service.web_app.TourControllerIT - Starting TourControllerIT using Java 11.0.10 on artem-HP-Laptop-15-bs0xx with PID 5650 (started by artem in /home/artem/IdeaProjects/aderenchuk-travel.agency/web-app)
19:58:43 [main] DEBUG com.aderenchuk.brest.service.web_app.TourControllerIT - Running with Spring Boot v2.4.4, Spring v5.3.5
19:58:43 [main] INFO  com.aderenchuk.brest.service.web_app.TourControllerIT - No active profile set, falling back to default profiles: default
19:58:43 [main] INFO  com.aderenchuk.brest.service.web_app.TourControllerIT - Starting TourControllerIT using Java 11.0.10 on artem-HP-Laptop-15-bs0xx with PID 5650 (started by artem in /home/artem/IdeaProjects/aderenchuk-travel.agency/web-app)
19:58:43 [main] DEBUG com.aderenchuk.brest.service.web_app.TourControllerIT - Running with Spring Boot v2.4.4, Spring v5.3.5
19:58:43 [main] INFO  com.aderenchuk.brest.service.web_app.TourControllerIT - No active profile set, falling back to default profiles: default
19:58:44 [main] INFO  com.aderenchuk.brest.service.web_app.TourControllerIT - Starting TourControllerIT using Java 11.0.10 on artem-HP-Laptop-15-bs0xx with PID 5650 (started by artem in /home/artem/IdeaProjects/aderenchuk-travel.agency/web-app)
19:58:44 [main] DEBUG com.aderenchuk.brest.service.web_app.TourControllerIT - Running with Spring Boot v2.4.4, Spring v5.3.5
19:58:44 [main] INFO  com.aderenchuk.brest.service.web_app.TourControllerIT - No active profile set, falling back to default profiles: default
19:58:44 [main] INFO  com.aderenchuk.brest.service.web_app.TourControllerIT - Starting TourControllerIT using Java 11.0.10 on artem-HP-Laptop-15-bs0xx with PID 5650 (started by artem in /home/artem/IdeaProjects/aderenchuk-travel.agency/web-app)
19:58:44 [main] DEBUG com.aderenchuk.brest.service.web_app.TourControllerIT - Running with Spring Boot v2.4.4, Spring v5.3.5
19:58:44 [main] INFO  com.aderenchuk.brest.service.web_app.TourControllerIT - No active profile set, falling back to default profiles: default
19:58:44 [main] INFO  com.aderenchuk.brest.service.web_app.TourControllerIT - Starting TourControllerIT using Java 11.0.10 on artem-HP-Laptop-15-bs0xx with PID 5650 (started by artem in /home/artem/IdeaProjects/aderenchuk-travel.agency/web-app)
19:58:44 [main] DEBUG com.aderenchuk.brest.service.web_app.TourControllerIT - Running with Spring Boot v2.4.4, Spring v5.3.5
19:58:44 [main] INFO  com.aderenchuk.brest.service.web_app.TourControllerIT - No active profile set, falling back to default profiles: default
19:58:44 [main] INFO  com.aderenchuk.brest.service.web_app.TourControllerIT - Starting TourControllerIT using Java 11.0.10 on artem-HP-Laptop-15-bs0xx with PID 5650 (started by artem in /home/artem/IdeaProjects/aderenchuk-travel.agency/web-app)
19:58:44 [main] DEBUG com.aderenchuk.brest.service.web_app.TourControllerIT - Running with Spring Boot v2.4.4, Spring v5.3.5
19:58:44 [main] INFO  com.aderenchuk.brest.service.web_app.TourControllerIT - No active profile set, falling back to default profiles: default
19:58:45 [main] INFO  com.aderenchuk.brest.service.web_app.TourControllerIT - Starting TourControllerIT using Java 11.0.10 on artem-HP-Laptop-15-bs0xx with PID 5650 (started by artem in /home/artem/IdeaProjects/aderenchuk-travel.agency/web-app)
19:58:45 [main] DEBUG com.aderenchuk.brest.service.web_app.TourControllerIT - Running with Spring Boot v2.4.4, Spring v5.3.5
19:58:45 [main] INFO  com.aderenchuk.brest.service.web_app.TourControllerIT - No active profile set, falling back to default profiles: default
19:58:45 [main] INFO  com.aderenchuk.brest.service.web_app.TourControllerIT - Starting TourControllerIT using Java 11.0.10 on artem-HP-Laptop-15-bs0xx with PID 5650 (started by artem in /home/artem/IdeaProjects/aderenchuk-travel.agency/web-app)
19:58:45 [main] DEBUG com.aderenchuk.brest.service.web_app.TourControllerIT - Running with Spring Boot v2.4.4, Spring v5.3.5
19:58:45 [main] INFO  com.aderenchuk.brest.service.web_app.TourControllerIT - No active profile set, falling back to default profiles: default
19:58:45 [main] INFO  com.aderenchuk.brest.service.web_app.TourControllerIT - Starting TourControllerIT using Java 11.0.10 on artem-HP-Laptop-15-bs0xx with PID 5650 (started by artem in /home/artem/IdeaProjects/aderenchuk-travel.agency/web-app)
19:58:45 [main] DEBUG com.aderenchuk.brest.service.web_app.TourControllerIT - Running with Spring Boot v2.4.4, Spring v5.3.5
19:58:45 [main] INFO  com.aderenchuk.brest.service.web_app.TourControllerIT - No active profile set, falling back to default profiles: default
19:58:45 [main] INFO  com.aderenchuk.brest.service.web_app.TourControllerIT - Starting TourControllerIT using Java 11.0.10 on artem-HP-Laptop-15-bs0xx with PID 5650 (started by artem in /home/artem/IdeaProjects/aderenchuk-travel.agency/web-app)
19:58:45 [main] DEBUG com.aderenchuk.brest.service.web_app.TourControllerIT - Running with Spring Boot v2.4.4, Spring v5.3.5
19:58:45 [main] INFO  com.aderenchuk.brest.service.web_app.TourControllerIT - No active profile set, falling back to default profiles: default
19:58:45 [main] INFO  com.aderenchuk.brest.service.web_app.TourControllerIT - Starting TourControllerIT using Java 11.0.10 on artem-HP-Laptop-15-bs0xx with PID 5650 (started by artem in /home/artem/IdeaProjects/aderenchuk-travel.agency/web-app)
19:58:45 [main] DEBUG com.aderenchuk.brest.service.web_app.TourControllerIT - Running with Spring Boot v2.4.4, Spring v5.3.5
19:58:45 [main] INFO  com.aderenchuk.brest.service.web_app.TourControllerIT - No active profile set, falling back to default profiles: default
19:58:46 [main] INFO  com.aderenchuk.brest.service.web_app.TourControllerIT - Starting TourControllerIT using Java 11.0.10 on artem-HP-Laptop-15-bs0xx with PID 5650 (started by artem in /home/artem/IdeaProjects/aderenchuk-travel.agency/web-app)
19:58:46 [main] DEBUG com.aderenchuk.brest.service.web_app.TourControllerIT - Running with Spring Boot v2.4.4, Spring v5.3.5
19:58:46 [main] INFO  com.aderenchuk.brest.service.web_app.TourControllerIT - No active profile set, falling back to default profiles: default
20:05:14 [main] INFO  com.aderenchuk.brest.service.web_app.TourControllerIT - Starting TourControllerIT using Java 11.0.10 on artem-HP-Laptop-15-bs0xx with PID 6073 (started by artem in /home/artem/IdeaProjects/aderenchuk-travel.agency/web-app)
20:05:14 [main] DEBUG com.aderenchuk.brest.service.web_app.TourControllerIT - Running with Spring Boot v2.4.4, Spring v5.3.5
20:05:14 [main] INFO  com.aderenchuk.brest.service.web_app.TourControllerIT - No active profile set, falling back to default profiles: default
20:05:16 [main] INFO  com.aderenchuk.brest.service.web_app.TourControllerIT - Starting TourControllerIT using Java 11.0.10 on artem-HP-Laptop-15-bs0xx with PID 6073 (started by artem in /home/artem/IdeaProjects/aderenchuk-travel.agency/web-app)
20:05:16 [main] DEBUG com.aderenchuk.brest.service.web_app.TourControllerIT - Running with Spring Boot v2.4.4, Spring v5.3.5
20:05:16 [main] INFO  com.aderenchuk.brest.service.web_app.TourControllerIT - No active profile set, falling back to default profiles: default
20:05:16 [main] INFO  com.aderenchuk.brest.service.web_app.TourControllerIT - Starting TourControllerIT using Java 11.0.10 on artem-HP-Laptop-15-bs0xx with PID 6073 (started by artem in /home/artem/IdeaProjects/aderenchuk-travel.agency/web-app)
20:05:16 [main] DEBUG com.aderenchuk.brest.service.web_app.TourControllerIT - Running with Spring Boot v2.4.4, Spring v5.3.5
20:05:16 [main] INFO  com.aderenchuk.brest.service.web_app.TourControllerIT - No active profile set, falling back to default profiles: default
20:05:17 [main] INFO  com.aderenchuk.brest.service.web_app.TourControllerIT - Starting TourControllerIT using Java 11.0.10 on artem-HP-Laptop-15-bs0xx with PID 6073 (started by artem in /home/artem/IdeaProjects/aderenchuk-travel.agency/web-app)
20:05:17 [main] DEBUG com.aderenchuk.brest.service.web_app.TourControllerIT - Running with Spring Boot v2.4.4, Spring v5.3.5
20:05:17 [main] INFO  com.aderenchuk.brest.service.web_app.TourControllerIT - No active profile set, falling back to default profiles: default
20:05:17 [main] INFO  com.aderenchuk.brest.service.web_app.TourControllerIT - Starting TourControllerIT using Java 11.0.10 on artem-HP-Laptop-15-bs0xx with PID 6073 (started by artem in /home/artem/IdeaProjects/aderenchuk-travel.agency/web-app)
20:05:17 [main] DEBUG com.aderenchuk.brest.service.web_app.TourControllerIT - Running with Spring Boot v2.4.4, Spring v5.3.5
20:05:17 [main] INFO  com.aderenchuk.brest.service.web_app.TourControllerIT - No active profile set, falling back to default profiles: default
20:05:17 [main] INFO  com.aderenchuk.brest.service.web_app.TourControllerIT - Starting TourControllerIT using Java 11.0.10 on artem-HP-Laptop-15-bs0xx with PID 6073 (started by artem in /home/artem/IdeaProjects/aderenchuk-travel.agency/web-app)
20:05:17 [main] DEBUG com.aderenchuk.brest.service.web_app.TourControllerIT - Running with Spring Boot v2.4.4, Spring v5.3.5
20:05:17 [main] INFO  com.aderenchuk.brest.service.web_app.TourControllerIT - No active profile set, falling back to default profiles: default
20:05:18 [main] INFO  com.aderenchuk.brest.service.web_app.TourControllerIT - Starting TourControllerIT using Java 11.0.10 on artem-HP-Laptop-15-bs0xx with PID 6073 (started by artem in /home/artem/IdeaProjects/aderenchuk-travel.agency/web-app)
20:05:18 [main] DEBUG com.aderenchuk.brest.service.web_app.TourControllerIT - Running with Spring Boot v2.4.4, Spring v5.3.5
20:05:18 [main] INFO  com.aderenchuk.brest.service.web_app.TourControllerIT - No active profile set, falling back to default profiles: default
20:05:18 [main] INFO  com.aderenchuk.brest.service.web_app.TourControllerIT - Starting TourControllerIT using Java 11.0.10 on artem-HP-Laptop-15-bs0xx with PID 6073 (started by artem in /home/artem/IdeaProjects/aderenchuk-travel.agency/web-app)
20:05:18 [main] DEBUG com.aderenchuk.brest.service.web_app.TourControllerIT - Running with Spring Boot v2.4.4, Spring v5.3.5
20:05:18 [main] INFO  com.aderenchuk.brest.service.web_app.TourControllerIT - No active profile set, falling back to default profiles: default
20:05:18 [main] INFO  com.aderenchuk.brest.service.web_app.TourControllerIT - Starting TourControllerIT using Java 11.0.10 on artem-HP-Laptop-15-bs0xx with PID 6073 (started by artem in /home/artem/IdeaProjects/aderenchuk-travel.agency/web-app)
20:05:18 [main] DEBUG com.aderenchuk.brest.service.web_app.TourControllerIT - Running with Spring Boot v2.4.4, Spring v5.3.5
20:05:18 [main] INFO  com.aderenchuk.brest.service.web_app.TourControllerIT - No active profile set, falling back to default profiles: default
20:05:19 [main] INFO  com.aderenchuk.brest.service.web_app.TourControllerIT - Starting TourControllerIT using Java 11.0.10 on artem-HP-Laptop-15-bs0xx with PID 6073 (started by artem in /home/artem/IdeaProjects/aderenchuk-travel.agency/web-app)
20:05:19 [main] DEBUG com.aderenchuk.brest.service.web_app.TourControllerIT - Running with Spring Boot v2.4.4, Spring v5.3.5
20:05:19 [main] INFO  com.aderenchuk.brest.service.web_app.TourControllerIT - No active profile set, falling back to default profiles: default
20:05:19 [main] INFO  com.aderenchuk.brest.service.web_app.TourControllerIT - Starting TourControllerIT using Java 11.0.10 on artem-HP-Laptop-15-bs0xx with PID 6073 (started by artem in /home/artem/IdeaProjects/aderenchuk-travel.agency/web-app)
20:05:19 [main] DEBUG com.aderenchuk.brest.service.web_app.TourControllerIT - Running with Spring Boot v2.4.4, Spring v5.3.5
20:05:19 [main] INFO  com.aderenchuk.brest.service.web_app.TourControllerIT - No active profile set, falling back to default profiles: default
20:05:19 [main] INFO  com.aderenchuk.brest.service.web_app.TourControllerIT - Starting TourControllerIT using Java 11.0.10 on artem-HP-Laptop-15-bs0xx with PID 6073 (started by artem in /home/artem/IdeaProjects/aderenchuk-travel.agency/web-app)
20:05:19 [main] DEBUG com.aderenchuk.brest.service.web_app.TourControllerIT - Running with Spring Boot v2.4.4, Spring v5.3.5
20:05:19 [main] INFO  com.aderenchuk.brest.service.web_app.TourControllerIT - No active profile set, falling back to default profiles: default
20:05:20 [main] INFO  com.aderenchuk.brest.service.web_app.TourControllerIT - Starting TourControllerIT using Java 11.0.10 on artem-HP-Laptop-15-bs0xx with PID 6073 (started by artem in /home/artem/IdeaProjects/aderenchuk-travel.agency/web-app)
20:05:20 [main] DEBUG com.aderenchuk.brest.service.web_app.TourControllerIT - Running with Spring Boot v2.4.4, Spring v5.3.5
20:05:20 [main] INFO  com.aderenchuk.brest.service.web_app.TourControllerIT - No active profile set, falling back to default profiles: default
20:05:20 [main] INFO  com.aderenchuk.brest.service.web_app.TourControllerIT - Starting TourControllerIT using Java 11.0.10 on artem-HP-Laptop-15-bs0xx with PID 6073 (started by artem in /home/artem/IdeaProjects/aderenchuk-travel.agency/web-app)
20:05:20 [main] DEBUG com.aderenchuk.brest.service.web_app.TourControllerIT - Running with Spring Boot v2.4.4, Spring v5.3.5
20:05:20 [main] INFO  com.aderenchuk.brest.service.web_app.TourControllerIT - No active profile set, falling back to default profiles: default
20:12:54 [main] INFO  com.aderenchuk.brest.service.web_app.TourControllerIT - Starting TourControllerIT using Java 11.0.10 on artem-HP-Laptop-15-bs0xx with PID 6756 (started by artem in /home/artem/IdeaProjects/aderenchuk-travel.agency/web-app)
20:12:54 [main] DEBUG com.aderenchuk.brest.service.web_app.TourControllerIT - Running with Spring Boot v2.4.4, Spring v5.3.5
20:12:54 [main] INFO  com.aderenchuk.brest.service.web_app.TourControllerIT - No active profile set, falling back to default profiles: default
20:12:56 [main] INFO  com.aderenchuk.brest.service.web_app.TourControllerIT - Starting TourControllerIT using Java 11.0.10 on artem-HP-Laptop-15-bs0xx with PID 6756 (started by artem in /home/artem/IdeaProjects/aderenchuk-travel.agency/web-app)
20:12:56 [main] DEBUG com.aderenchuk.brest.service.web_app.TourControllerIT - Running with Spring Boot v2.4.4, Spring v5.3.5
20:12:56 [main] INFO  com.aderenchuk.brest.service.web_app.TourControllerIT - No active profile set, falling back to default profiles: default
20:12:56 [main] INFO  com.aderenchuk.brest.service.web_app.TourControllerIT - Starting TourControllerIT using Java 11.0.10 on artem-HP-Laptop-15-bs0xx with PID 6756 (started by artem in /home/artem/IdeaProjects/aderenchuk-travel.agency/web-app)
20:12:56 [main] DEBUG com.aderenchuk.brest.service.web_app.TourControllerIT - Running with Spring Boot v2.4.4, Spring v5.3.5
20:12:56 [main] INFO  com.aderenchuk.brest.service.web_app.TourControllerIT - No active profile set, falling back to default profiles: default
20:12:56 [main] INFO  com.aderenchuk.brest.service.web_app.TourControllerIT - Starting TourControllerIT using Java 11.0.10 on artem-HP-Laptop-15-bs0xx with PID 6756 (started by artem in /home/artem/IdeaProjects/aderenchuk-travel.agency/web-app)
20:12:56 [main] DEBUG com.aderenchuk.brest.service.web_app.TourControllerIT - Running with Spring Boot v2.4.4, Spring v5.3.5
20:12:56 [main] INFO  com.aderenchuk.brest.service.web_app.TourControllerIT - No active profile set, falling back to default profiles: default
20:12:56 [main] INFO  com.aderenchuk.brest.service.web_app.TourControllerIT - Starting TourControllerIT using Java 11.0.10 on artem-HP-Laptop-15-bs0xx with PID 6756 (started by artem in /home/artem/IdeaProjects/aderenchuk-travel.agency/web-app)
20:12:56 [main] DEBUG com.aderenchuk.brest.service.web_app.TourControllerIT - Running with Spring Boot v2.4.4, Spring v5.3.5
20:12:56 [main] INFO  com.aderenchuk.brest.service.web_app.TourControllerIT - No active profile set, falling back to default profiles: default
20:12:57 [main] INFO  com.aderenchuk.brest.service.web_app.TourControllerIT - Starting TourControllerIT using Java 11.0.10 on artem-HP-Laptop-15-bs0xx with PID 6756 (started by artem in /home/artem/IdeaProjects/aderenchuk-travel.agency/web-app)
20:12:57 [main] DEBUG com.aderenchuk.brest.service.web_app.TourControllerIT - Running with Spring Boot v2.4.4, Spring v5.3.5
20:12:57 [main] INFO  com.aderenchuk.brest.service.web_app.TourControllerIT - No active profile set, falling back to default profiles: default
20:12:57 [main] INFO  com.aderenchuk.brest.service.web_app.TourControllerIT - Starting TourControllerIT using Java 11.0.10 on artem-HP-Laptop-15-bs0xx with PID 6756 (started by artem in /home/artem/IdeaProjects/aderenchuk-travel.agency/web-app)
20:12:57 [main] DEBUG com.aderenchuk.brest.service.web_app.TourControllerIT - Running with Spring Boot v2.4.4, Spring v5.3.5
20:12:57 [main] INFO  com.aderenchuk.brest.service.web_app.TourControllerIT - No active profile set, falling back to default profiles: default
20:12:57 [main] INFO  com.aderenchuk.brest.service.web_app.TourControllerIT - Starting TourControllerIT using Java 11.0.10 on artem-HP-Laptop-15-bs0xx with PID 6756 (started by artem in /home/artem/IdeaProjects/aderenchuk-travel.agency/web-app)
20:12:57 [main] DEBUG com.aderenchuk.brest.service.web_app.TourControllerIT - Running with Spring Boot v2.4.4, Spring v5.3.5
20:12:57 [main] INFO  com.aderenchuk.brest.service.web_app.TourControllerIT - No active profile set, falling back to default profiles: default
20:12:57 [main] INFO  com.aderenchuk.brest.service.web_app.TourControllerIT - Starting TourControllerIT using Java 11.0.10 on artem-HP-Laptop-15-bs0xx with PID 6756 (started by artem in /home/artem/IdeaProjects/aderenchuk-travel.agency/web-app)
20:12:57 [main] DEBUG com.aderenchuk.brest.service.web_app.TourControllerIT - Running with Spring Boot v2.4.4, Spring v5.3.5
20:12:57 [main] INFO  com.aderenchuk.brest.service.web_app.TourControllerIT - No active profile set, falling back to default profiles: default
20:12:58 [main] INFO  com.aderenchuk.brest.service.web_app.TourControllerIT - Starting TourControllerIT using Java 11.0.10 on artem-HP-Laptop-15-bs0xx with PID 6756 (started by artem in /home/artem/IdeaProjects/aderenchuk-travel.agency/web-app)
20:12:58 [main] DEBUG com.aderenchuk.brest.service.web_app.TourControllerIT - Running with Spring Boot v2.4.4, Spring v5.3.5
20:12:58 [main] INFO  com.aderenchuk.brest.service.web_app.TourControllerIT - No active profile set, falling back to default profiles: default
20:12:58 [main] INFO  com.aderenchuk.brest.service.web_app.TourControllerIT - Starting TourControllerIT using Java 11.0.10 on artem-HP-Laptop-15-bs0xx with PID 6756 (started by artem in /home/artem/IdeaProjects/aderenchuk-travel.agency/web-app)
20:12:58 [main] DEBUG com.aderenchuk.brest.service.web_app.TourControllerIT - Running with Spring Boot v2.4.4, Spring v5.3.5
20:12:58 [main] INFO  com.aderenchuk.brest.service.web_app.TourControllerIT - No active profile set, falling back to default profiles: default
20:12:58 [main] INFO  com.aderenchuk.brest.service.web_app.TourControllerIT - Starting TourControllerIT using Java 11.0.10 on artem-HP-Laptop-15-bs0xx with PID 6756 (started by artem in /home/artem/IdeaProjects/aderenchuk-travel.agency/web-app)
20:12:58 [main] DEBUG com.aderenchuk.brest.service.web_app.TourControllerIT - Running with Spring Boot v2.4.4, Spring v5.3.5
20:12:58 [main] INFO  com.aderenchuk.brest.service.web_app.TourControllerIT - No active profile set, falling back to default profiles: default
20:12:58 [main] INFO  com.aderenchuk.brest.service.web_app.TourControllerIT - Starting TourControllerIT using Java 11.0.10 on artem-HP-Laptop-15-bs0xx with PID 6756 (started by artem in /home/artem/IdeaProjects/aderenchuk-travel.agency/web-app)
20:12:58 [main] DEBUG com.aderenchuk.brest.service.web_app.TourControllerIT - Running with Spring Boot v2.4.4, Spring v5.3.5
20:12:58 [main] INFO  com.aderenchuk.brest.service.web_app.TourControllerIT - No active profile set, falling back to default profiles: default
20:12:58 [main] INFO  com.aderenchuk.brest.service.web_app.TourControllerIT - Starting TourControllerIT using Java 11.0.10 on artem-HP-Laptop-15-bs0xx with PID 6756 (started by artem in /home/artem/IdeaProjects/aderenchuk-travel.agency/web-app)
20:12:58 [main] DEBUG com.aderenchuk.brest.service.web_app.TourControllerIT - Running with Spring Boot v2.4.4, Spring v5.3.5
20:12:58 [main] INFO  com.aderenchuk.brest.service.web_app.TourControllerIT - No active profile set, falling back to default profiles: default
20:13:48 [main] INFO  com.aderenchuk.brest.service.web_app.TourControllerIT - Starting TourControllerIT using Java 11.0.10 on artem-HP-Laptop-15-bs0xx with PID 6841 (started by artem in /home/artem/IdeaProjects/aderenchuk-travel.agency/web-app)
20:13:48 [main] DEBUG com.aderenchuk.brest.service.web_app.TourControllerIT - Running with Spring Boot v2.4.4, Spring v5.3.5
20:13:48 [main] INFO  com.aderenchuk.brest.service.web_app.TourControllerIT - No active profile set, falling back to default profiles: default
20:13:49 [main] INFO  com.aderenchuk.brest.service.web_app.TourControllerIT - Starting TourControllerIT using Java 11.0.10 on artem-HP-Laptop-15-bs0xx with PID 6841 (started by artem in /home/artem/IdeaProjects/aderenchuk-travel.agency/web-app)
20:13:49 [main] DEBUG com.aderenchuk.brest.service.web_app.TourControllerIT - Running with Spring Boot v2.4.4, Spring v5.3.5
20:13:49 [main] INFO  com.aderenchuk.brest.service.web_app.TourControllerIT - No active profile set, falling back to default profiles: default
20:13:50 [main] INFO  com.aderenchuk.brest.service.web_app.TourControllerIT - Starting TourControllerIT using Java 11.0.10 on artem-HP-Laptop-15-bs0xx with PID 6841 (started by artem in /home/artem/IdeaProjects/aderenchuk-travel.agency/web-app)
20:13:50 [main] DEBUG com.aderenchuk.brest.service.web_app.TourControllerIT - Running with Spring Boot v2.4.4, Spring v5.3.5
20:13:50 [main] INFO  com.aderenchuk.brest.service.web_app.TourControllerIT - No active profile set, falling back to default profiles: default
20:13:50 [main] INFO  com.aderenchuk.brest.service.web_app.TourControllerIT - Starting TourControllerIT using Java 11.0.10 on artem-HP-Laptop-15-bs0xx with PID 6841 (started by artem in /home/artem/IdeaProjects/aderenchuk-travel.agency/web-app)
20:13:50 [main] DEBUG com.aderenchuk.brest.service.web_app.TourControllerIT - Running with Spring Boot v2.4.4, Spring v5.3.5
20:13:50 [main] INFO  com.aderenchuk.brest.service.web_app.TourControllerIT - No active profile set, falling back to default profiles: default
20:13:50 [main] INFO  com.aderenchuk.brest.service.web_app.TourControllerIT - Starting TourControllerIT using Java 11.0.10 on artem-HP-Laptop-15-bs0xx with PID 6841 (started by artem in /home/artem/IdeaProjects/aderenchuk-travel.agency/web-app)
20:13:50 [main] DEBUG com.aderenchuk.brest.service.web_app.TourControllerIT - Running with Spring Boot v2.4.4, Spring v5.3.5
20:13:50 [main] INFO  com.aderenchuk.brest.service.web_app.TourControllerIT - No active profile set, falling back to default profiles: default
20:13:50 [main] INFO  com.aderenchuk.brest.service.web_app.TourControllerIT - Starting TourControllerIT using Java 11.0.10 on artem-HP-Laptop-15-bs0xx with PID 6841 (started by artem in /home/artem/IdeaProjects/aderenchuk-travel.agency/web-app)
20:13:50 [main] DEBUG com.aderenchuk.brest.service.web_app.TourControllerIT - Running with Spring Boot v2.4.4, Spring v5.3.5
20:13:50 [main] INFO  com.aderenchuk.brest.service.web_app.TourControllerIT - No active profile set, falling back to default profiles: default
20:13:51 [main] INFO  com.aderenchuk.brest.service.web_app.TourControllerIT - Starting TourControllerIT using Java 11.0.10 on artem-HP-Laptop-15-bs0xx with PID 6841 (started by artem in /home/artem/IdeaProjects/aderenchuk-travel.agency/web-app)
20:13:51 [main] DEBUG com.aderenchuk.brest.service.web_app.TourControllerIT - Running with Spring Boot v2.4.4, Spring v5.3.5
20:13:51 [main] INFO  com.aderenchuk.brest.service.web_app.TourControllerIT - No active profile set, falling back to default profiles: default
20:13:51 [main] INFO  com.aderenchuk.brest.service.web_app.TourControllerIT - Starting TourControllerIT using Java 11.0.10 on artem-HP-Laptop-15-bs0xx with PID 6841 (started by artem in /home/artem/IdeaProjects/aderenchuk-travel.agency/web-app)
20:13:51 [main] DEBUG com.aderenchuk.brest.service.web_app.TourControllerIT - Running with Spring Boot v2.4.4, Spring v5.3.5
20:13:51 [main] INFO  com.aderenchuk.brest.service.web_app.TourControllerIT - No active profile set, falling back to default profiles: default
20:13:51 [main] INFO  com.aderenchuk.brest.service.web_app.TourControllerIT - Starting TourControllerIT using Java 11.0.10 on artem-HP-Laptop-15-bs0xx with PID 6841 (started by artem in /home/artem/IdeaProjects/aderenchuk-travel.agency/web-app)
20:13:51 [main] DEBUG com.aderenchuk.brest.service.web_app.TourControllerIT - Running with Spring Boot v2.4.4, Spring v5.3.5
20:13:51 [main] INFO  com.aderenchuk.brest.service.web_app.TourControllerIT - No active profile set, falling back to default profiles: default
20:13:51 [main] INFO  com.aderenchuk.brest.service.web_app.TourControllerIT - Starting TourControllerIT using Java 11.0.10 on artem-HP-Laptop-15-bs0xx with PID 6841 (started by artem in /home/artem/IdeaProjects/aderenchuk-travel.agency/web-app)
20:13:51 [main] DEBUG com.aderenchuk.brest.service.web_app.TourControllerIT - Running with Spring Boot v2.4.4, Spring v5.3.5
20:13:51 [main] INFO  com.aderenchuk.brest.service.web_app.TourControllerIT - No active profile set, falling back to default profiles: default
20:13:52 [main] INFO  com.aderenchuk.brest.service.web_app.TourControllerIT - Starting TourControllerIT using Java 11.0.10 on artem-HP-Laptop-15-bs0xx with PID 6841 (started by artem in /home/artem/IdeaProjects/aderenchuk-travel.agency/web-app)
20:13:52 [main] DEBUG com.aderenchuk.brest.service.web_app.TourControllerIT - Running with Spring Boot v2.4.4, Spring v5.3.5
20:13:52 [main] INFO  com.aderenchuk.brest.service.web_app.TourControllerIT - No active profile set, falling back to default profiles: default
20:13:52 [main] INFO  com.aderenchuk.brest.service.web_app.TourControllerIT - Starting TourControllerIT using Java 11.0.10 on artem-HP-Laptop-15-bs0xx with PID 6841 (started by artem in /home/artem/IdeaProjects/aderenchuk-travel.agency/web-app)
20:13:52 [main] DEBUG com.aderenchuk.brest.service.web_app.TourControllerIT - Running with Spring Boot v2.4.4, Spring v5.3.5
20:13:52 [main] INFO  com.aderenchuk.brest.service.web_app.TourControllerIT - No active profile set, falling back to default profiles: default
20:13:52 [main] INFO  com.aderenchuk.brest.service.web_app.TourControllerIT - Starting TourControllerIT using Java 11.0.10 on artem-HP-Laptop-15-bs0xx with PID 6841 (started by artem in /home/artem/IdeaProjects/aderenchuk-travel.agency/web-app)
20:13:52 [main] DEBUG com.aderenchuk.brest.service.web_app.TourControllerIT - Running with Spring Boot v2.4.4, Spring v5.3.5
20:13:52 [main] INFO  com.aderenchuk.brest.service.web_app.TourControllerIT - No active profile set, falling back to default profiles: default
20:13:52 [main] INFO  com.aderenchuk.brest.service.web_app.TourControllerIT - Starting TourControllerIT using Java 11.0.10 on artem-HP-Laptop-15-bs0xx with PID 6841 (started by artem in /home/artem/IdeaProjects/aderenchuk-travel.agency/web-app)
20:13:52 [main] DEBUG com.aderenchuk.brest.service.web_app.TourControllerIT - Running with Spring Boot v2.4.4, Spring v5.3.5
20:13:52 [main] INFO  com.aderenchuk.brest.service.web_app.TourControllerIT - No active profile set, falling back to default profiles: default
20:14:45 [main] INFO  com.aderenchuk.brest.service.web_app.TourControllerIT - Starting TourControllerIT using Java 11.0.10 on artem-HP-Laptop-15-bs0xx with PID 6921 (started by artem in /home/artem/IdeaProjects/aderenchuk-travel.agency/web-app)
20:14:45 [main] DEBUG com.aderenchuk.brest.service.web_app.TourControllerIT - Running with Spring Boot v2.4.4, Spring v5.3.5
20:14:45 [main] INFO  com.aderenchuk.brest.service.web_app.TourControllerIT - No active profile set, falling back to default profiles: default
20:14:46 [main] INFO  com.aderenchuk.brest.service.web_app.TourControllerIT - Starting TourControllerIT using Java 11.0.10 on artem-HP-Laptop-15-bs0xx with PID 6921 (started by artem in /home/artem/IdeaProjects/aderenchuk-travel.agency/web-app)
20:14:46 [main] DEBUG com.aderenchuk.brest.service.web_app.TourControllerIT - Running with Spring Boot v2.4.4, Spring v5.3.5
20:14:46 [main] INFO  com.aderenchuk.brest.service.web_app.TourControllerIT - No active profile set, falling back to default profiles: default
20:14:46 [main] INFO  com.aderenchuk.brest.service.web_app.TourControllerIT - Starting TourControllerIT using Java 11.0.10 on artem-HP-Laptop-15-bs0xx with PID 6921 (started by artem in /home/artem/IdeaProjects/aderenchuk-travel.agency/web-app)
20:14:46 [main] DEBUG com.aderenchuk.brest.service.web_app.TourControllerIT - Running with Spring Boot v2.4.4, Spring v5.3.5
20:14:46 [main] INFO  com.aderenchuk.brest.service.web_app.TourControllerIT - No active profile set, falling back to default profiles: default
20:14:46 [main] INFO  com.aderenchuk.brest.service.web_app.TourControllerIT - Starting TourControllerIT using Java 11.0.10 on artem-HP-Laptop-15-bs0xx with PID 6921 (started by artem in /home/artem/IdeaProjects/aderenchuk-travel.agency/web-app)
20:14:46 [main] DEBUG com.aderenchuk.brest.service.web_app.TourControllerIT - Running with Spring Boot v2.4.4, Spring v5.3.5
20:14:46 [main] INFO  com.aderenchuk.brest.service.web_app.TourControllerIT - No active profile set, falling back to default profiles: default
20:14:47 [main] INFO  com.aderenchuk.brest.service.web_app.TourControllerIT - Starting TourControllerIT using Java 11.0.10 on artem-HP-Laptop-15-bs0xx with PID 6921 (started by artem in /home/artem/IdeaProjects/aderenchuk-travel.agency/web-app)
20:14:47 [main] DEBUG com.aderenchuk.brest.service.web_app.TourControllerIT - Running with Spring Boot v2.4.4, Spring v5.3.5
20:14:47 [main] INFO  com.aderenchuk.brest.service.web_app.TourControllerIT - No active profile set, falling back to default profiles: default
20:14:47 [main] INFO  com.aderenchuk.brest.service.web_app.TourControllerIT - Starting TourControllerIT using Java 11.0.10 on artem-HP-Laptop-15-bs0xx with PID 6921 (started by artem in /home/artem/IdeaProjects/aderenchuk-travel.agency/web-app)
20:14:47 [main] DEBUG com.aderenchuk.brest.service.web_app.TourControllerIT - Running with Spring Boot v2.4.4, Spring v5.3.5
20:14:47 [main] INFO  com.aderenchuk.brest.service.web_app.TourControllerIT - No active profile set, falling back to default profiles: default
20:14:47 [main] INFO  com.aderenchuk.brest.service.web_app.TourControllerIT - Starting TourControllerIT using Java 11.0.10 on artem-HP-Laptop-15-bs0xx with PID 6921 (started by artem in /home/artem/IdeaProjects/aderenchuk-travel.agency/web-app)
20:14:47 [main] DEBUG com.aderenchuk.brest.service.web_app.TourControllerIT - Running with Spring Boot v2.4.4, Spring v5.3.5
20:14:47 [main] INFO  com.aderenchuk.brest.service.web_app.TourControllerIT - No active profile set, falling back to default profiles: default
20:14:47 [main] INFO  com.aderenchuk.brest.service.web_app.TourControllerIT - Starting TourControllerIT using Java 11.0.10 on artem-HP-Laptop-15-bs0xx with PID 6921 (started by artem in /home/artem/IdeaProjects/aderenchuk-travel.agency/web-app)
20:14:47 [main] DEBUG com.aderenchuk.brest.service.web_app.TourControllerIT - Running with Spring Boot v2.4.4, Spring v5.3.5
20:14:47 [main] INFO  com.aderenchuk.brest.service.web_app.TourControllerIT - No active profile set, falling back to default profiles: default
20:14:47 [main] INFO  com.aderenchuk.brest.service.web_app.TourControllerIT - Starting TourControllerIT using Java 11.0.10 on artem-HP-Laptop-15-bs0xx with PID 6921 (started by artem in /home/artem/IdeaProjects/aderenchuk-travel.agency/web-app)
20:14:47 [main] DEBUG com.aderenchuk.brest.service.web_app.TourControllerIT - Running with Spring Boot v2.4.4, Spring v5.3.5
20:14:47 [main] INFO  com.aderenchuk.brest.service.web_app.TourControllerIT - No active profile set, falling back to default profiles: default
20:14:48 [main] INFO  com.aderenchuk.brest.service.web_app.TourControllerIT - Starting TourControllerIT using Java 11.0.10 on artem-HP-Laptop-15-bs0xx with PID 6921 (started by artem in /home/artem/IdeaProjects/aderenchuk-travel.agency/web-app)
20:14:48 [main] DEBUG com.aderenchuk.brest.service.web_app.TourControllerIT - Running with Spring Boot v2.4.4, Spring v5.3.5
20:14:48 [main] INFO  com.aderenchuk.brest.service.web_app.TourControllerIT - No active profile set, falling back to default profiles: default
20:14:48 [main] INFO  com.aderenchuk.brest.service.web_app.TourControllerIT - Starting TourControllerIT using Java 11.0.10 on artem-HP-Laptop-15-bs0xx with PID 6921 (started by artem in /home/artem/IdeaProjects/aderenchuk-travel.agency/web-app)
20:14:48 [main] DEBUG com.aderenchuk.brest.service.web_app.TourControllerIT - Running with Spring Boot v2.4.4, Spring v5.3.5
20:14:48 [main] INFO  com.aderenchuk.brest.service.web_app.TourControllerIT - No active profile set, falling back to default profiles: default
20:14:48 [main] INFO  com.aderenchuk.brest.service.web_app.TourControllerIT - Starting TourControllerIT using Java 11.0.10 on artem-HP-Laptop-15-bs0xx with PID 6921 (started by artem in /home/artem/IdeaProjects/aderenchuk-travel.agency/web-app)
20:14:48 [main] DEBUG com.aderenchuk.brest.service.web_app.TourControllerIT - Running with Spring Boot v2.4.4, Spring v5.3.5
20:14:48 [main] INFO  com.aderenchuk.brest.service.web_app.TourControllerIT - No active profile set, falling back to default profiles: default
20:14:48 [main] INFO  com.aderenchuk.brest.service.web_app.TourControllerIT - Starting TourControllerIT using Java 11.0.10 on artem-HP-Laptop-15-bs0xx with PID 6921 (started by artem in /home/artem/IdeaProjects/aderenchuk-travel.agency/web-app)
20:14:48 [main] DEBUG com.aderenchuk.brest.service.web_app.TourControllerIT - Running with Spring Boot v2.4.4, Spring v5.3.5
20:14:48 [main] INFO  com.aderenchuk.brest.service.web_app.TourControllerIT - No active profile set, falling back to default profiles: default
20:14:48 [main] INFO  com.aderenchuk.brest.service.web_app.TourControllerIT - Starting TourControllerIT using Java 11.0.10 on artem-HP-Laptop-15-bs0xx with PID 6921 (started by artem in /home/artem/IdeaProjects/aderenchuk-travel.agency/web-app)
20:14:48 [main] DEBUG com.aderenchuk.brest.service.web_app.TourControllerIT - Running with Spring Boot v2.4.4, Spring v5.3.5
20:14:48 [main] INFO  com.aderenchuk.brest.service.web_app.TourControllerIT - No active profile set, falling back to default profiles: default
20:26:29 [main] INFO  com.aderenchuk.brest.service.web_app.TourControllerIT - Starting TourControllerIT using Java 11.0.10 on artem-HP-Laptop-15-bs0xx with PID 7618 (started by artem in /home/artem/IdeaProjects/aderenchuk-travel.agency/web-app)
20:26:29 [main] DEBUG com.aderenchuk.brest.service.web_app.TourControllerIT - Running with Spring Boot v2.4.4, Spring v5.3.5
20:26:29 [main] INFO  com.aderenchuk.brest.service.web_app.TourControllerIT - No active profile set, falling back to default profiles: default
20:26:30 [main] INFO  com.aderenchuk.brest.service.web_app.TourControllerIT - Starting TourControllerIT using Java 11.0.10 on artem-HP-Laptop-15-bs0xx with PID 7618 (started by artem in /home/artem/IdeaProjects/aderenchuk-travel.agency/web-app)
20:26:30 [main] DEBUG com.aderenchuk.brest.service.web_app.TourControllerIT - Running with Spring Boot v2.4.4, Spring v5.3.5
20:26:30 [main] INFO  com.aderenchuk.brest.service.web_app.TourControllerIT - No active profile set, falling back to default profiles: default
20:26:31 [main] INFO  com.aderenchuk.brest.service.web_app.TourControllerIT - Starting TourControllerIT using Java 11.0.10 on artem-HP-Laptop-15-bs0xx with PID 7618 (started by artem in /home/artem/IdeaProjects/aderenchuk-travel.agency/web-app)
20:26:31 [main] DEBUG com.aderenchuk.brest.service.web_app.TourControllerIT - Running with Spring Boot v2.4.4, Spring v5.3.5
20:26:31 [main] INFO  com.aderenchuk.brest.service.web_app.TourControllerIT - No active profile set, falling back to default profiles: default
20:26:31 [main] INFO  com.aderenchuk.brest.service.web_app.TourControllerIT - Starting TourControllerIT using Java 11.0.10 on artem-HP-Laptop-15-bs0xx with PID 7618 (started by artem in /home/artem/IdeaProjects/aderenchuk-travel.agency/web-app)
20:26:31 [main] DEBUG com.aderenchuk.brest.service.web_app.TourControllerIT - Running with Spring Boot v2.4.4, Spring v5.3.5
20:26:31 [main] INFO  com.aderenchuk.brest.service.web_app.TourControllerIT - No active profile set, falling back to default profiles: default
20:26:31 [main] INFO  com.aderenchuk.brest.service.web_app.TourControllerIT - Starting TourControllerIT using Java 11.0.10 on artem-HP-Laptop-15-bs0xx with PID 7618 (started by artem in /home/artem/IdeaProjects/aderenchuk-travel.agency/web-app)
20:26:31 [main] DEBUG com.aderenchuk.brest.service.web_app.TourControllerIT - Running with Spring Boot v2.4.4, Spring v5.3.5
20:26:31 [main] INFO  com.aderenchuk.brest.service.web_app.TourControllerIT - No active profile set, falling back to default profiles: default
20:26:32 [main] INFO  com.aderenchuk.brest.service.web_app.TourControllerIT - Starting TourControllerIT using Java 11.0.10 on artem-HP-Laptop-15-bs0xx with PID 7618 (started by artem in /home/artem/IdeaProjects/aderenchuk-travel.agency/web-app)
20:26:32 [main] DEBUG com.aderenchuk.brest.service.web_app.TourControllerIT - Running with Spring Boot v2.4.4, Spring v5.3.5
20:26:32 [main] INFO  com.aderenchuk.brest.service.web_app.TourControllerIT - No active profile set, falling back to default profiles: default
20:26:32 [main] INFO  com.aderenchuk.brest.service.web_app.TourControllerIT - Starting TourControllerIT using Java 11.0.10 on artem-HP-Laptop-15-bs0xx with PID 7618 (started by artem in /home/artem/IdeaProjects/aderenchuk-travel.agency/web-app)
20:26:32 [main] DEBUG com.aderenchuk.brest.service.web_app.TourControllerIT - Running with Spring Boot v2.4.4, Spring v5.3.5
20:26:32 [main] INFO  com.aderenchuk.brest.service.web_app.TourControllerIT - No active profile set, falling back to default profiles: default
20:26:33 [main] INFO  com.aderenchuk.brest.service.web_app.TourControllerIT - Starting TourControllerIT using Java 11.0.10 on artem-HP-Laptop-15-bs0xx with PID 7618 (started by artem in /home/artem/IdeaProjects/aderenchuk-travel.agency/web-app)
20:26:33 [main] DEBUG com.aderenchuk.brest.service.web_app.TourControllerIT - Running with Spring Boot v2.4.4, Spring v5.3.5
20:26:33 [main] INFO  com.aderenchuk.brest.service.web_app.TourControllerIT - No active profile set, falling back to default profiles: default
20:26:33 [main] INFO  com.aderenchuk.brest.service.web_app.TourControllerIT - Starting TourControllerIT using Java 11.0.10 on artem-HP-Laptop-15-bs0xx with PID 7618 (started by artem in /home/artem/IdeaProjects/aderenchuk-travel.agency/web-app)
20:26:33 [main] DEBUG com.aderenchuk.brest.service.web_app.TourControllerIT - Running with Spring Boot v2.4.4, Spring v5.3.5
20:26:33 [main] INFO  com.aderenchuk.brest.service.web_app.TourControllerIT - No active profile set, falling back to default profiles: default
20:26:33 [main] INFO  com.aderenchuk.brest.service.web_app.TourControllerIT - Starting TourControllerIT using Java 11.0.10 on artem-HP-Laptop-15-bs0xx with PID 7618 (started by artem in /home/artem/IdeaProjects/aderenchuk-travel.agency/web-app)
20:26:33 [main] DEBUG com.aderenchuk.brest.service.web_app.TourControllerIT - Running with Spring Boot v2.4.4, Spring v5.3.5
20:26:33 [main] INFO  com.aderenchuk.brest.service.web_app.TourControllerIT - No active profile set, falling back to default profiles: default
20:26:34 [main] INFO  com.aderenchuk.brest.service.web_app.TourControllerIT - Starting TourControllerIT using Java 11.0.10 on artem-HP-Laptop-15-bs0xx with PID 7618 (started by artem in /home/artem/IdeaProjects/aderenchuk-travel.agency/web-app)
20:26:34 [main] DEBUG com.aderenchuk.brest.service.web_app.TourControllerIT - Running with Spring Boot v2.4.4, Spring v5.3.5
20:26:34 [main] INFO  com.aderenchuk.brest.service.web_app.TourControllerIT - No active profile set, falling back to default profiles: default
20:26:34 [main] INFO  com.aderenchuk.brest.service.web_app.TourControllerIT - Starting TourControllerIT using Java 11.0.10 on artem-HP-Laptop-15-bs0xx with PID 7618 (started by artem in /home/artem/IdeaProjects/aderenchuk-travel.agency/web-app)
20:26:34 [main] DEBUG com.aderenchuk.brest.service.web_app.TourControllerIT - Running with Spring Boot v2.4.4, Spring v5.3.5
20:26:34 [main] INFO  com.aderenchuk.brest.service.web_app.TourControllerIT - No active profile set, falling back to default profiles: default
20:26:34 [main] INFO  com.aderenchuk.brest.service.web_app.TourControllerIT - Starting TourControllerIT using Java 11.0.10 on artem-HP-Laptop-15-bs0xx with PID 7618 (started by artem in /home/artem/IdeaProjects/aderenchuk-travel.agency/web-app)
20:26:34 [main] DEBUG com.aderenchuk.brest.service.web_app.TourControllerIT - Running with Spring Boot v2.4.4, Spring v5.3.5
20:26:34 [main] INFO  com.aderenchuk.brest.service.web_app.TourControllerIT - No active profile set, falling back to default profiles: default
20:26:34 [main] INFO  com.aderenchuk.brest.service.web_app.TourControllerIT - Starting TourControllerIT using Java 11.0.10 on artem-HP-Laptop-15-bs0xx with PID 7618 (started by artem in /home/artem/IdeaProjects/aderenchuk-travel.agency/web-app)
20:26:34 [main] DEBUG com.aderenchuk.brest.service.web_app.TourControllerIT - Running with Spring Boot v2.4.4, Spring v5.3.5
20:26:34 [main] INFO  com.aderenchuk.brest.service.web_app.TourControllerIT - No active profile set, falling back to default profiles: default
